<?xml version="1.0" encoding="UTF-8"?>
<!-- Generated by org.testng.reporters.JUnitReportReporter -->
<testsuite hostname="Dilips-MacBook-Pro.local" failures="0" tests="1" name="com.r3pi.shrikhande.testscripts.Test03_PostTitleBodyforUser" time="2.519" errors="0" timestamp="18 Oct 2018 19:42:51 GMT" skipped="0">
  <testcase classname="com.r3pi.shrikhande.testscripts.Test03_PostTitleBodyforUser" name="postTitleBody" time="2.519"/>
</testsuite> <!-- com.r3pi.shrikhande.testscripts.Test03_PostTitleBodyforUser -->
