<?xml version="1.0" encoding="UTF-8"?>
<!-- Generated by org.testng.reporters.JUnitReportReporter -->
<testsuite hostname="Dilips-MacBook-Pro.local" failures="0" tests="1" name="com.r3pi.shrikhande.testscripts.Test01_UserAddressDisplayAndCheckEmailFormat" time="2.379" errors="0" timestamp="18 Oct 2018 16:30:41 GMT" skipped="0">
  <testcase classname="com.r3pi.shrikhande.testscripts.Test01_UserAddressDisplayAndCheckEmailFormat" name="showUserEmailAddress" time="2.379"/>
</testsuite> <!-- com.r3pi.shrikhande.testscripts.Test01_UserAddressDisplayAndCheckEmailFormat -->
