<?xml version="1.0" encoding="UTF-8"?>
<!-- Generated by org.testng.reporters.JUnitReportReporter -->
<testsuite hostname="Dilips-MacBook-Pro.local" failures="0" tests="1" name="com.r3pi.shrikhande.testscripts.Test01_UserAddressVerification" time="2.371" errors="0" timestamp="18 Oct 2018 10:32:34 GMT" skipped="0">
  <testcase classname="com.r3pi.shrikhande.testscripts.Test01_UserAddressVerification" name="showUserEmailAddress" time="2.371"/>
</testsuite> <!-- com.r3pi.shrikhande.testscripts.Test01_UserAddressVerification -->
