<?xml version="1.0" encoding="UTF-8"?>
<!-- Generated by org.testng.reporters.JUnitReportReporter -->
<testsuite hostname="Dilips-MacBook-Pro.local" failures="0" tests="1" name="com.r3pi.shrikhande.testscripts.Test02_GetUserPostsAndCheckIDTitleBody" time="0.624" errors="0" timestamp="19 Oct 2018 11:47:45 GMT" skipped="0">
  <testcase classname="com.r3pi.shrikhande.testscripts.Test02_GetUserPostsAndCheckIDTitleBody" name="checkIDTitleBody" time="0.624"/>
</testsuite> <!-- com.r3pi.shrikhande.testscripts.Test02_GetUserPostsAndCheckIDTitleBody -->
